<?xml version="1.0" encoding="UTF-8"?>
<!-- Generated by org.testng.reporters.JUnitReportReporter -->
<testsuite hostname="LAPTOP-MR7PA18F" name="com.crm.qa.testcases.LoginPageTest" tests="3" failures="0" timestamp="5 Jun 2019 01:51:06 GMT" time="34.813" errors="0">
  <testcase name="crmLogoImageTest" time="9.886" classname="com.crm.qa.testcases.LoginPageTest"/>
  <testcase name="loginTest" time="15.798" classname="com.crm.qa.testcases.LoginPageTest"/>
  <testcase name="loginPageTitleTest" time="9.129" classname="com.crm.qa.testcases.LoginPageTest"/>
</testsuite> <!-- com.crm.qa.testcases.LoginPageTest -->
