<?xml version="1.0" encoding="UTF-8"?>
<!-- Generated by org.testng.reporters.JUnitReportReporter -->
<testsuite hostname="LAPTOP-MR7PA18F" name="com.crm.qa.testdata.HomePageTest" tests="3" failures="0" timestamp="4 Jun 2019 12:56:47 GMT" time="54.167" errors="0">
  <testcase name="clickOnContactsLinkTest" time="19.095" classname="com.crm.qa.testdata.HomePageTest"/>
  <testcase name="verifyUsernameTest" time="15.906" classname="com.crm.qa.testdata.HomePageTest"/>
  <testcase name="verifyHomePageTitleTest" time="19.166" classname="com.crm.qa.testdata.HomePageTest"/>
</testsuite> <!-- com.crm.qa.testdata.HomePageTest -->
