<?xml version="1.0" encoding="UTF-8"?>
<!-- Generated by org.testng.reporters.JUnitReportReporter -->
<testsuite hostname="LAPTOP-MR7PA18F" name="com.crm.qa.testcases.ContactsPageTest" tests="6" failures="0" timestamp="5 Jun 2019 01:51:06 GMT" time="129.118" errors="0">
  <testcase name="createNewContactTest" time="22.293" classname="com.crm.qa.testcases.ContactsPageTest"/>
  <testcase name="createNewContactTest" time="25.320" classname="com.crm.qa.testcases.ContactsPageTest"/>
  <testcase name="verifyContactsPageLabelTest" time="16.000" classname="com.crm.qa.testcases.ContactsPageTest"/>
  <testcase name="selectSingleContactTest" time="18.355" classname="com.crm.qa.testcases.ContactsPageTest"/>
  <testcase name="createNewContactTest" time="26.725" classname="com.crm.qa.testcases.ContactsPageTest"/>
  <testcase name="selectMultipleContactTest" time="20.425" classname="com.crm.qa.testcases.ContactsPageTest"/>
</testsuite> <!-- com.crm.qa.testcases.ContactsPageTest -->
