<?xml version="1.0" encoding="UTF-8"?>
<!-- Generated by org.testng.reporters.JUnitReportReporter -->
<testsuite hostname="LAPTOP-MR7PA18F" name="com.crm.qa.testcases.ContactsPageTest" tests="1" failures="0" timestamp="5 Jun 2019 13:46:19 GMT" time="22.626" errors="0">
  <testcase name="selectMultipleContactTest" time="22.626" classname="com.crm.qa.testcases.ContactsPageTest"/>
</testsuite> <!-- com.crm.qa.testcases.ContactsPageTest -->
