<?xml version="1.0" encoding="UTF-8"?>
<!-- Generated by org.testng.reporters.JUnitReportReporter -->
<testsuite hostname="LAPTOP-MR7PA18F" name="com.crm.qa.testcases.HomePageTest" tests="3" failures="0" timestamp="5 Jun 2019 01:51:06 GMT" time="45.117" errors="0">
  <testcase name="verifyHomePageTitleTest" time="14.285" classname="com.crm.qa.testcases.HomePageTest"/>
  <testcase name="verifyUsernameTest" time="14.419" classname="com.crm.qa.testcases.HomePageTest"/>
  <testcase name="clickOnContactsLinkTest" time="16.413" classname="com.crm.qa.testcases.HomePageTest"/>
</testsuite> <!-- com.crm.qa.testcases.HomePageTest -->
