<?xml version="1.0" encoding="UTF-8"?>
<!-- Generated by org.testng.reporters.JUnitReportReporter -->
<testsuite hostname="LAPTOP-MR7PA18F" name="com.crm.qa.testdata.ContactsPageTest" tests="1" failures="0" timestamp="4 Jun 2019 14:21:33 GMT" time="24.329" errors="0">
  <testcase name="createNewContactTest" time="24.329" classname="com.crm.qa.testdata.ContactsPageTest"/>
</testsuite> <!-- com.crm.qa.testdata.ContactsPageTest -->
