<?xml version="1.0" encoding="UTF-8"?>
<!-- Generated by org.testng.reporters.JUnitReportReporter -->
<testsuite hostname="LAPTOP-MR7PA18F" name="com.crm.qa.testdata.LoginPageTest" tests="3" failures="0" timestamp="4 Jun 2019 12:56:47 GMT" time="34.665" errors="0">
  <testcase name="loginPageTitleTest" time="9.406" classname="com.crm.qa.testdata.LoginPageTest"/>
  <testcase name="crmLogoImageTest" time="10.914" classname="com.crm.qa.testdata.LoginPageTest"/>
  <testcase name="loginTest" time="14.345" classname="com.crm.qa.testdata.LoginPageTest"/>
</testsuite> <!-- com.crm.qa.testdata.LoginPageTest -->
