<?xml version="1.0" encoding="UTF-8"?>
<!-- Generated by org.testng.reporters.JUnitReportReporter -->
<testsuite skipped="0" hostname="LAPTOP-MR7PA18F" name="com.crm.qa.testcases.LoginPageTest" tests="3" failures="0" timestamp="05 Jun 2019 16:20:45 GMT" time="55.050" errors="0">
  <testcase name="loginPageTitleTest" time="21.806" classname="com.crm.qa.testcases.LoginPageTest"/>
  <testcase name="crmLogoImageTest" time="12.780" classname="com.crm.qa.testcases.LoginPageTest"/>
  <testcase name="loginTest" time="20.464" classname="com.crm.qa.testcases.LoginPageTest"/>
</testsuite> <!-- com.crm.qa.testcases.LoginPageTest -->
