<?xml version="1.0" encoding="UTF-8"?>
<!-- Generated by org.testng.reporters.JUnitReportReporter -->
<testsuite skipped="0" hostname="LAPTOP-MR7PA18F" name="com.crm.qa.testcases.HomePageTest" tests="3" failures="0" timestamp="05 Jun 2019 16:20:45 GMT" time="66.786" errors="0">
  <testcase name="verifyHomePageTitleTest" time="17.142" classname="com.crm.qa.testcases.HomePageTest"/>
  <testcase name="verifyUsernameTest" time="17.379" classname="com.crm.qa.testcases.HomePageTest"/>
  <testcase name="clickOnContactsLinkTest" time="32.265" classname="com.crm.qa.testcases.HomePageTest"/>
</testsuite> <!-- com.crm.qa.testcases.HomePageTest -->
